  glad.c
  shader.cpp
  Source.cpp
C:\Users\iSamu\OneDrive\Desktop\CS-330\OpenGLSample\OpenGLSample\OpenGLSample\shader.h(57,34): warning C4101: 'e': unreferenced local variable
C:\Users\iSamu\OneDrive\Desktop\CS-330\OpenGLSample\OpenGLSample\OpenGLSample\Source.cpp(196,22): warning C4244: 'initializing': conversion from 'double' to 'float', possible loss of data
C:\Users\iSamu\OneDrive\Desktop\CS-330\OpenGLSample\OpenGLSample\OpenGLSample\Source.cpp(231,56): warning C4305: 'argument': truncation from 'double' to 'float'
C:\Users\iSamu\OneDrive\Desktop\CS-330\OpenGLSample\OpenGLSample\OpenGLSample\Source.cpp(232,60): warning C4305: 'argument': truncation from 'double' to 'float'
C:\Users\iSamu\OneDrive\Desktop\CS-330\OpenGLSample\OpenGLSample\OpenGLSample\Source.cpp(239,56): warning C4305: 'argument': truncation from 'double' to 'float'
C:\Users\iSamu\OneDrive\Desktop\CS-330\OpenGLSample\OpenGLSample\OpenGLSample\Source.cpp(240,60): warning C4305: 'argument': truncation from 'double' to 'float'
C:\Users\iSamu\OneDrive\Desktop\CS-330\OpenGLSample\OpenGLSample\OpenGLSample\Source.cpp(247,56): warning C4305: 'argument': truncation from 'double' to 'float'
C:\Users\iSamu\OneDrive\Desktop\CS-330\OpenGLSample\OpenGLSample\OpenGLSample\Source.cpp(248,60): warning C4305: 'argument': truncation from 'double' to 'float'
C:\Users\iSamu\OneDrive\Desktop\CS-330\OpenGLSample\OpenGLSample\OpenGLSample\Source.cpp(255,56): warning C4305: 'argument': truncation from 'double' to 'float'
C:\Users\iSamu\OneDrive\Desktop\CS-330\OpenGLSample\OpenGLSample\OpenGLSample\Source.cpp(256,60): warning C4305: 'argument': truncation from 'double' to 'float'
C:\Users\iSamu\OneDrive\Desktop\CS-330\OpenGLSample\OpenGLSample\OpenGLSample\Source.cpp(264,51): warning C4305: 'argument': truncation from 'double' to 'float'
C:\Users\iSamu\OneDrive\Desktop\CS-330\OpenGLSample\OpenGLSample\OpenGLSample\Source.cpp(265,55): warning C4305: 'argument': truncation from 'double' to 'float'
C:\Users\iSamu\OneDrive\Desktop\CS-330\OpenGLSample\OpenGLSample\OpenGLSample\Source.cpp(367,11): warning C4244: '=': conversion from 'double' to 'float', possible loss of data
C:\Users\iSamu\OneDrive\Desktop\CS-330\OpenGLSample\OpenGLSample\OpenGLSample\Source.cpp(368,11): warning C4244: '=': conversion from 'double' to 'float', possible loss of data
C:\Users\iSamu\OneDrive\Desktop\CS-330\OpenGLSample\OpenGLSample\OpenGLSample\Source.cpp(372,16): warning C4244: 'initializing': conversion from 'double' to 'float', possible loss of data
C:\Users\iSamu\OneDrive\Desktop\CS-330\OpenGLSample\OpenGLSample\OpenGLSample\Source.cpp(373,16): warning C4244: 'initializing': conversion from 'double' to 'float', possible loss of data
C:\Users\iSamu\OneDrive\Desktop\CS-330\OpenGLSample\OpenGLSample\OpenGLSample\Source.cpp(375,10): warning C4244: '=': conversion from 'double' to 'float', possible loss of data
C:\Users\iSamu\OneDrive\Desktop\CS-330\OpenGLSample\OpenGLSample\OpenGLSample\Source.cpp(376,10): warning C4244: '=': conversion from 'double' to 'float', possible loss of data
C:\Users\iSamu\OneDrive\Desktop\CS-330\OpenGLSample\OpenGLSample\OpenGLSample\Source.cpp(385,28): warning C4244: 'argument': conversion from 'double' to 'float', possible loss of data
  Generating Code...
LINK : warning LNK4098: defaultlib 'MSVCRT' conflicts with use of other libs; use /NODEFAULTLIB:library
  OpenGLSample.vcxproj -> C:\Users\iSamu\OneDrive\Desktop\CS-330\OpenGLSample\OpenGLSample\Debug\OpenGLSample.exe
